2021-12-08 20:49:18,619 [1] INFO  Photon.StarDust.Client.Program - Starting 150 games with 1 players
2021-12-08 20:49:18,665 [4] INFO  Photon.StarDust.Client.Program - 1 [33012] Started game DESKTOP-TF756HC(33012)1 with 1 clients
2021-12-08 20:49:18,725 [4] INFO  Photon.StarDust.Client.Program - 2 [33012] Started game DESKTOP-TF756HC(33012)2 with 1 clients
2021-12-08 20:49:18,800 [4] INFO  Photon.StarDust.Client.Program - 3 [33012] Started game DESKTOP-TF756HC(33012)3 with 1 clients
2021-12-08 20:49:18,831 [14] WARN  Photon.StarDust.Client.ConnectionStates.LoadBalancing.ConnectedToMaster - OnOperationReturn: Authenticate on Master failed: ReturnCode: 32755 (). Disconnecting...
2021-12-08 20:49:18,831 [17] WARN  Photon.StarDust.Client.ConnectionStates.LoadBalancing.ConnectedToMaster - OnOperationReturn: Authenticate on Master failed: ReturnCode: 32755 (). Disconnecting...
2021-12-08 20:49:18,865 [4] INFO  Photon.StarDust.Client.Program - 4 [33012] Started game DESKTOP-TF756HC(33012)4 with 1 clients
2021-12-08 20:49:18,920 [4] INFO  Photon.StarDust.Client.Program - 5 [33012] Started game DESKTOP-TF756HC(33012)5 with 1 clients
2021-12-08 20:49:18,964 [26] WARN  Photon.StarDust.Client.ConnectionStates.LoadBalancing.ConnectedToMaster - OnOperationReturn: Authenticate on Master failed: ReturnCode: 32755 (). Disconnecting...
2021-12-08 20:49:18,979 [4] INFO  Photon.StarDust.Client.Program - 6 [33012] Started game DESKTOP-TF756HC(33012)6 with 1 clients
2021-12-08 20:49:19,009 [4] INFO  Photon.StarDust.Client.Program - 7 [33012] Started game DESKTOP-TF756HC(33012)7 with 1 clients
2021-12-08 20:49:19,054 [4] INFO  Photon.StarDust.Client.Program - 8 [33012] Started game DESKTOP-TF756HC(33012)8 with 1 clients
2021-12-08 20:49:19,069 [13] WARN  Photon.StarDust.Client.ConnectionStates.LoadBalancing.ConnectedToMaster - OnOperationReturn: Authenticate on Master failed: ReturnCode: 32755 (). Disconnecting...
2021-12-08 20:49:19,084 [21] WARN  Photon.StarDust.Client.ConnectionStates.LoadBalancing.ConnectedToMaster - OnOperationReturn: Authenticate on Master failed: ReturnCode: 32755 (). Disconnecting...
2021-12-08 20:49:19,114 [16] WARN  Photon.StarDust.Client.ConnectionStates.LoadBalancing.ConnectedToMaster - OnOperationReturn: Authenticate on Master failed: ReturnCode: 32755 (). Disconnecting...
2021-12-08 20:49:19,116 [4] INFO  Photon.StarDust.Client.Program - 9 [33012] Started game DESKTOP-TF756HC(33012)9 with 1 clients
2021-12-08 20:49:19,159 [15] WARN  Photon.StarDust.Client.ConnectionStates.LoadBalancing.ConnectedToMaster - OnOperationReturn: Authenticate on Master failed: ReturnCode: 32755 (). Disconnecting...
2021-12-08 20:49:19,174 [14] WARN  Photon.StarDust.Client.ConnectionStates.LoadBalancing.ConnectedToMaster - OnOperationReturn: Authenticate on Master failed: ReturnCode: 32755 (). Disconnecting...
2021-12-08 20:49:19,189 [4] INFO  Photon.StarDust.Client.Program - 10 [33012] Started game DESKTOP-TF756HC(33012)10 with 1 clients
2021-12-08 20:49:19,234 [4] INFO  Photon.StarDust.Client.Program - 11 [33012] Started game DESKTOP-TF756HC(33012)11 with 1 clients
2021-12-08 20:49:19,234 [6] WARN  Photon.StarDust.Client.ConnectionStates.LoadBalancing.ConnectedToMaster - OnOperationReturn: Authenticate on Master failed: ReturnCode: 32755 (). Disconnecting...
2021-12-08 20:49:19,278 [4] INFO  Photon.StarDust.Client.Program - 12 [33012] Started game DESKTOP-TF756HC(33012)12 with 1 clients
2021-12-08 20:49:19,308 [28] WARN  Photon.StarDust.Client.ConnectionStates.LoadBalancing.ConnectedToMaster - OnOperationReturn: Authenticate on Master failed: ReturnCode: 32755 (). Disconnecting...
2021-12-08 20:49:19,353 [4] INFO  Photon.StarDust.Client.Program - 13 [33012] Started game DESKTOP-TF756HC(33012)13 with 1 clients
2021-12-08 20:49:19,413 [7] WARN  Photon.StarDust.Client.ConnectionStates.LoadBalancing.ConnectedToMaster - OnOperationReturn: Authenticate on Master failed: ReturnCode: 32755 (). Disconnecting...
2021-12-08 20:49:19,428 [4] INFO  Photon.StarDust.Client.Program - 14 [33012] Started game DESKTOP-TF756HC(33012)14 with 1 clients
2021-12-08 20:49:19,443 [20] WARN  Photon.StarDust.Client.ConnectionStates.LoadBalancing.ConnectedToMaster - OnOperationReturn: Authenticate on Master failed: ReturnCode: 32755 (). Disconnecting...
2021-12-08 20:49:19,473 [15] WARN  Photon.StarDust.Client.ConnectionStates.LoadBalancing.ConnectedToMaster - OnOperationReturn: Authenticate on Master failed: ReturnCode: 32755 (). Disconnecting...
2021-12-08 20:49:19,503 [4] INFO  Photon.StarDust.Client.Program - 15 [33012] Started game DESKTOP-TF756HC(33012)15 with 1 clients
2021-12-08 20:49:19,518 [14] WARN  Photon.StarDust.Client.ConnectionStates.LoadBalancing.ConnectedToMaster - OnOperationReturn: Authenticate on Master failed: ReturnCode: 32755 (). Disconnecting...
2021-12-08 20:49:19,547 [4] INFO  Photon.StarDust.Client.Program - 16 [33012] Started game DESKTOP-TF756HC(33012)16 with 1 clients
2021-12-08 20:49:19,607 [4] INFO  Photon.StarDust.Client.Program - 17 [33012] Started game DESKTOP-TF756HC(33012)17 with 1 clients
2021-12-08 20:49:19,622 [20] WARN  Photon.StarDust.Client.ConnectionStates.LoadBalancing.ConnectedToMaster - OnOperationReturn: Authenticate on Master failed: ReturnCode: 32755 (). Disconnecting...
2021-12-08 20:49:19,626 [21] DEBUG Photon.StarDust.Client.Program - peers: 0, r-ev: 17.63456, ur-ev: 0, r-op: 17.63455, ur-op: 0, res: 17.6345, r-rtt: 0, ur-rtt: 0, rtt: 0, var: 0, flsh-rtt: 0, flsh-ev 0, flsh-op 0
2021-12-08 20:49:19,637 [4] INFO  Photon.StarDust.Client.Program - 18 [33012] Started game DESKTOP-TF756HC(33012)18 with 1 clients
2021-12-08 20:49:19,667 [4] INFO  Photon.StarDust.Client.Program - 19 [33012] Started game DESKTOP-TF756HC(33012)19 with 1 clients
2021-12-08 20:49:19,712 [22] WARN  Photon.StarDust.Client.ConnectionStates.LoadBalancing.ConnectedToMaster - OnOperationReturn: Authenticate on Master failed: ReturnCode: 32755 (). Disconnecting...
2021-12-08 20:49:19,727 [4] INFO  Photon.StarDust.Client.Program - 20 [33012] Started game DESKTOP-TF756HC(33012)20 with 1 clients
2021-12-08 20:49:19,787 [20] WARN  Photon.StarDust.Client.ConnectionStates.LoadBalancing.ConnectedToMaster - OnOperationReturn: Authenticate on Master failed: ReturnCode: 32755 (). Disconnecting...
2021-12-08 20:49:19,802 [4] INFO  Photon.StarDust.Client.Program - 21 [33012] Started game DESKTOP-TF756HC(33012)21 with 1 clients
2021-12-08 20:49:19,817 [15] WARN  Photon.StarDust.Client.ConnectionStates.LoadBalancing.ConnectedToMaster - OnOperationReturn: Authenticate on Master failed: ReturnCode: 32755 (). Disconnecting...
2021-12-08 20:49:19,832 [21] WARN  Photon.StarDust.Client.ConnectionStates.LoadBalancing.ConnectedToMaster - OnOperationReturn: Authenticate on Master failed: ReturnCode: 32755 (). Disconnecting...
2021-12-08 20:49:19,847 [4] INFO  Photon.StarDust.Client.Program - 22 [33012] Started game DESKTOP-TF756HC(33012)22 with 1 clients
2021-12-08 20:49:19,862 [17] WARN  Photon.StarDust.Client.ConnectionStates.LoadBalancing.ConnectedToMaster - OnOperationReturn: Authenticate on Master failed: ReturnCode: 32755 (). Disconnecting...
2021-12-08 20:49:19,877 [7] WARN  Photon.StarDust.Client.ConnectionStates.LoadBalancing.ConnectedToMaster - OnOperationReturn: Authenticate on Master failed: ReturnCode: 32755 (). Disconnecting...
2021-12-08 20:49:19,892 [4] INFO  Photon.StarDust.Client.Program - 23 [33012] Started game DESKTOP-TF756HC(33012)23 with 1 clients
2021-12-08 20:49:19,967 [4] INFO  Photon.StarDust.Client.Program - 24 [33012] Started game DESKTOP-TF756HC(33012)24 with 1 clients
2021-12-08 20:49:19,997 [15] WARN  Photon.StarDust.Client.ConnectionStates.LoadBalancing.ConnectedToMaster - OnOperationReturn: Authenticate on Master failed: ReturnCode: 32755 (). Disconnecting...
2021-12-08 20:49:20,027 [4] INFO  Photon.StarDust.Client.Program - 25 [33012] Started game DESKTOP-TF756HC(33012)25 with 1 clients
2021-12-08 20:49:20,072 [27] WARN  Photon.StarDust.Client.ConnectionStates.LoadBalancing.ConnectedToMaster - OnOperationReturn: Authenticate on Master failed: ReturnCode: 32755 (). Disconnecting...
2021-12-08 20:49:20,102 [4] INFO  Photon.StarDust.Client.Program - 26 [33012] Started game DESKTOP-TF756HC(33012)26 with 1 clients
2021-12-08 20:49:20,117 [5] WARN  Photon.StarDust.Client.ConnectionStates.LoadBalancing.ConnectedToMaster - OnOperationReturn: Authenticate on Master failed: ReturnCode: 32755 (). Disconnecting...
2021-12-08 20:49:20,148 [4] INFO  Photon.StarDust.Client.Program - 27 [33012] Started game DESKTOP-TF756HC(33012)27 with 1 clients
2021-12-08 20:49:20,178 [6] WARN  Photon.StarDust.Client.ConnectionStates.LoadBalancing.ConnectedToMaster - OnOperationReturn: Authenticate on Master failed: ReturnCode: 32755 (). Disconnecting...
2021-12-08 20:49:20,193 [4] INFO  Photon.StarDust.Client.Program - 28 [33012] Started game DESKTOP-TF756HC(33012)28 with 1 clients
2021-12-08 20:49:20,223 [5] WARN  Photon.StarDust.Client.ConnectionStates.LoadBalancing.ConnectedToMaster - OnOperationReturn: Authenticate on Master failed: ReturnCode: 32755 (). Disconnecting...
2021-12-08 20:49:20,269 [4] INFO  Photon.StarDust.Client.Program - 29 [33012] Started game DESKTOP-TF756HC(33012)29 with 1 clients
2021-12-08 20:49:20,269 [28] WARN  Photon.StarDust.Client.ConnectionStates.LoadBalancing.ConnectedToMaster - OnOperationReturn: Authenticate on Master failed: ReturnCode: 32755 (). Disconnecting...
2021-12-08 20:49:20,314 [14] WARN  Photon.StarDust.Client.ConnectionStates.LoadBalancing.ConnectedToMaster - OnOperationReturn: Authenticate on Master failed: ReturnCode: 32755 (). Disconnecting...
2021-12-08 20:49:20,329 [4] INFO  Photon.StarDust.Client.Program - 30 [33012] Started game DESKTOP-TF756HC(33012)30 with 1 clients
2021-12-08 20:49:20,375 [15] WARN  Photon.StarDust.Client.ConnectionStates.LoadBalancing.ConnectedToMaster - OnOperationReturn: Authenticate on Master failed: ReturnCode: 32755 (). Disconnecting...
2021-12-08 20:49:20,390 [4] INFO  Photon.StarDust.Client.Program - 31 [33012] Started game DESKTOP-TF756HC(33012)31 with 1 clients
2021-12-08 20:49:20,450 [4] INFO  Photon.StarDust.Client.Program - 32 [33012] Started game DESKTOP-TF756HC(33012)32 with 1 clients
2021-12-08 20:49:20,465 [13] WARN  Photon.StarDust.Client.ConnectionStates.LoadBalancing.ConnectedToMaster - OnOperationReturn: Authenticate on Master failed: ReturnCode: 32755 (). Disconnecting...
2021-12-08 20:49:20,510 [4] INFO  Photon.StarDust.Client.Program - 33 [33012] Started game DESKTOP-TF756HC(33012)33 with 1 clients
2021-12-08 20:49:20,525 [16] WARN  Photon.StarDust.Client.ConnectionStates.LoadBalancing.ConnectedToMaster - OnOperationReturn: Authenticate on Master failed: ReturnCode: 32755 (). Disconnecting...
2021-12-08 20:49:20,570 [4] INFO  Photon.StarDust.Client.Program - 34 [33012] Started game DESKTOP-TF756HC(33012)34 with 1 clients
2021-12-08 20:49:20,585 [13] WARN  Photon.StarDust.Client.ConnectionStates.LoadBalancing.ConnectedToMaster - OnOperationReturn: Authenticate on Master failed: ReturnCode: 32755 (). Disconnecting...
2021-12-08 20:49:20,616 [4] INFO  Photon.StarDust.Client.Program - 35 [33012] Started game DESKTOP-TF756HC(33012)35 with 1 clients
2021-12-08 20:49:20,631 [7] WARN  Photon.StarDust.Client.ConnectionStates.LoadBalancing.ConnectedToMaster - OnOperationReturn: Authenticate on Master failed: ReturnCode: 32755 (). Disconnecting...
2021-12-08 20:49:20,631 [15] DEBUG Photon.StarDust.Client.Program - peers: 2, r-ev: 17.91935, ur-ev: 0, r-op: 17.91935, ur-op: 0, res: 17.91935, r-rtt: 0, ur-rtt: 0, rtt: 0, var: 0, flsh-rtt: 0, flsh-ev 0, flsh-op 0
2021-12-08 20:49:20,676 [83] WARN  Photon.StarDust.Client.ConnectionStates.LoadBalancing.ConnectedToMaster - OnOperationReturn: Authenticate on Master failed: ReturnCode: 32755 (). Disconnecting...
2021-12-08 20:49:20,679 [4] INFO  Photon.StarDust.Client.Program - 36 [33012] Started game DESKTOP-TF756HC(33012)36 with 1 clients
2021-12-08 20:49:20,751 [4] INFO  Photon.StarDust.Client.Program - 37 [33012] Started game DESKTOP-TF756HC(33012)37 with 1 clients
2021-12-08 20:49:20,751 [83] WARN  Photon.StarDust.Client.ConnectionStates.LoadBalancing.ConnectedToMaster - OnOperationReturn: Authenticate on Master failed: ReturnCode: 32755 (). Disconnecting...
2021-12-08 20:49:20,796 [4] INFO  Photon.StarDust.Client.Program - 38 [33012] Started game DESKTOP-TF756HC(33012)38 with 1 clients
2021-12-08 20:49:20,826 [29] WARN  Photon.StarDust.Client.ConnectionStates.LoadBalancing.ConnectedToMaster - OnOperationReturn: Authenticate on Master failed: ReturnCode: 32755 (). Disconnecting...
2021-12-08 20:49:20,856 [4] INFO  Photon.StarDust.Client.Program - 39 [33012] Started game DESKTOP-TF756HC(33012)39 with 1 clients
2021-12-08 20:49:20,871 [5] WARN  Photon.StarDust.Client.ConnectionStates.LoadBalancing.ConnectedToMaster - OnOperationReturn: Authenticate on Master failed: ReturnCode: 32755 (). Disconnecting...
2021-12-08 20:49:20,931 [4] INFO  Photon.StarDust.Client.Program - 40 [33012] Started game DESKTOP-TF756HC(33012)40 with 1 clients
2021-12-08 20:49:20,947 [21] WARN  Photon.StarDust.Client.ConnectionStates.LoadBalancing.ConnectedToMaster - OnOperationReturn: Authenticate on Master failed: ReturnCode: 32755 (). Disconnecting...
2021-12-08 20:49:20,992 [4] INFO  Photon.StarDust.Client.Program - 41 [33012] Started game DESKTOP-TF756HC(33012)41 with 1 clients
2021-12-08 20:49:20,992 [14] WARN  Photon.StarDust.Client.ConnectionStates.LoadBalancing.ConnectedToMaster - OnOperationReturn: Authenticate on Master failed: ReturnCode: 32755 (). Disconnecting...
2021-12-08 20:49:21,068 [106] WARN  Photon.StarDust.Client.ConnectionStates.LoadBalancing.ConnectedToMaster - OnOperationReturn: Authenticate on Master failed: ReturnCode: 32755 (). Disconnecting...
2021-12-08 20:49:21,070 [4] INFO  Photon.StarDust.Client.Program - 42 [33012] Started game DESKTOP-TF756HC(33012)42 with 1 clients
2021-12-08 20:49:21,114 [6] WARN  Photon.StarDust.Client.ConnectionStates.LoadBalancing.ConnectedToMaster - OnOperationReturn: Authenticate on Master failed: ReturnCode: 32755 (). Disconnecting...
2021-12-08 20:49:21,129 [4] INFO  Photon.StarDust.Client.Program - 43 [33012] Started game DESKTOP-TF756HC(33012)43 with 1 clients
2021-12-08 20:49:21,174 [4] INFO  Photon.StarDust.Client.Program - 44 [33012] Started game DESKTOP-TF756HC(33012)44 with 1 clients
2021-12-08 20:49:21,204 [23] WARN  Photon.StarDust.Client.ConnectionStates.LoadBalancing.ConnectedToMaster - OnOperationReturn: Authenticate on Master failed: ReturnCode: 32755 (). Disconnecting...
2021-12-08 20:49:21,219 [4] INFO  Photon.StarDust.Client.Program - 45 [33012] Started game DESKTOP-TF756HC(33012)45 with 1 clients
2021-12-08 20:49:21,264 [13] WARN  Photon.StarDust.Client.ConnectionStates.LoadBalancing.ConnectedToMaster - OnOperationReturn: Authenticate on Master failed: ReturnCode: 32755 (). Disconnecting...
2021-12-08 20:49:21,279 [4] INFO  Photon.StarDust.Client.Program - 46 [33012] Started game DESKTOP-TF756HC(33012)46 with 1 clients
2021-12-08 20:49:21,324 [4] INFO  Photon.StarDust.Client.Program - 47 [33012] Started game DESKTOP-TF756HC(33012)47 with 1 clients
2021-12-08 20:49:21,324 [83] WARN  Photon.StarDust.Client.ConnectionStates.LoadBalancing.ConnectedToMaster - OnOperationReturn: Authenticate on Master failed: ReturnCode: 32755 (). Disconnecting...
2021-12-08 20:49:21,354 [4] INFO  Photon.StarDust.Client.Program - 48 [33012] Started game DESKTOP-TF756HC(33012)48 with 1 clients
2021-12-08 20:49:21,369 [23] WARN  Photon.StarDust.Client.ConnectionStates.LoadBalancing.ConnectedToMaster - OnOperationReturn: Authenticate on Master failed: ReturnCode: 32755 (). Disconnecting...
2021-12-08 20:49:21,414 [4] INFO  Photon.StarDust.Client.Program - 49 [33012] Started game DESKTOP-TF756HC(33012)49 with 1 clients
2021-12-08 20:49:21,429 [21] WARN  Photon.StarDust.Client.ConnectionStates.LoadBalancing.ConnectedToMaster - OnOperationReturn: Authenticate on Master failed: ReturnCode: 32755 (). Disconnecting...
2021-12-08 20:49:21,459 [4] INFO  Photon.StarDust.Client.Program - 50 [33012] Started game DESKTOP-TF756HC(33012)50 with 1 clients
2021-12-08 20:49:21,489 [16] WARN  Photon.StarDust.Client.ConnectionStates.LoadBalancing.ConnectedToMaster - OnOperationReturn: Authenticate on Master failed: ReturnCode: 32755 (). Disconnecting...
2021-12-08 20:49:21,504 [7] WARN  Photon.StarDust.Client.ConnectionStates.LoadBalancing.ConnectedToMaster - OnOperationReturn: Authenticate on Master failed: ReturnCode: 32755 (). Disconnecting...
2021-12-08 20:49:21,519 [4] INFO  Photon.StarDust.Client.Program - 51 [33012] Started game DESKTOP-TF756HC(33012)51 with 1 clients
2021-12-08 20:49:21,519 [16] WARN  Photon.StarDust.Client.ConnectionStates.LoadBalancing.ConnectedToMaster - OnOperationReturn: Authenticate on Master failed: ReturnCode: 32755 (). Disconnecting...
2021-12-08 20:49:21,564 [4] INFO  Photon.StarDust.Client.Program - 52 [33012] Started game DESKTOP-TF756HC(33012)52 with 1 clients
2021-12-08 20:49:21,595 [106] WARN  Photon.StarDust.Client.ConnectionStates.LoadBalancing.ConnectedToMaster - OnOperationReturn: Authenticate on Master failed: ReturnCode: 32755 (). Disconnecting...
2021-12-08 20:49:21,625 [4] INFO  Photon.StarDust.Client.Program - 53 [33012] Started game DESKTOP-TF756HC(33012)53 with 1 clients
2021-12-08 20:49:21,640 [16] DEBUG Photon.StarDust.Client.Program - peers: 1, r-ev: 17.83055, ur-ev: 0, r-op: 17.83055, ur-op: 0, res: 16.83996, r-rtt: 0, ur-rtt: 0, rtt: 0, var: 0, flsh-rtt: 0, flsh-ev 0, flsh-op 0
2021-12-08 20:49:21,685 [27] WARN  Photon.StarDust.Client.ConnectionStates.LoadBalancing.ConnectedToMaster - OnOperationReturn: Authenticate on Master failed: ReturnCode: 32755 (). Disconnecting...
2021-12-08 20:49:21,700 [4] INFO  Photon.StarDust.Client.Program - 54 [33012] Started game DESKTOP-TF756HC(33012)54 with 1 clients
2021-12-08 20:49:21,730 [106] WARN  Photon.StarDust.Client.ConnectionStates.LoadBalancing.ConnectedToMaster - OnOperationReturn: Authenticate on Master failed: ReturnCode: 32755 (). Disconnecting...
2021-12-08 20:49:21,746 [4] INFO  Photon.StarDust.Client.Program - 55 [33012] Started game DESKTOP-TF756HC(33012)55 with 1 clients
2021-12-08 20:49:21,776 [5] WARN  Photon.StarDust.Client.ConnectionStates.LoadBalancing.ConnectedToMaster - OnOperationReturn: Authenticate on Master failed: ReturnCode: 32755 (). Disconnecting...
2021-12-08 20:49:21,821 [4] INFO  Photon.StarDust.Client.Program - 56 [33012] Started game DESKTOP-TF756HC(33012)56 with 1 clients
2021-12-08 20:49:21,836 [6] WARN  Photon.StarDust.Client.ConnectionStates.LoadBalancing.ConnectedToMaster - OnOperationReturn: Authenticate on Master failed: ReturnCode: 32755 (). Disconnecting...
2021-12-08 20:49:21,866 [4] INFO  Photon.StarDust.Client.Program - 57 [33012] Started game DESKTOP-TF756HC(33012)57 with 1 clients
2021-12-08 20:49:21,896 [22] WARN  Photon.StarDust.Client.ConnectionStates.LoadBalancing.ConnectedToMaster - OnOperationReturn: Authenticate on Master failed: ReturnCode: 32755 (). Disconnecting...
2021-12-08 20:49:21,941 [4] INFO  Photon.StarDust.Client.Program - 58 [33012] Started game DESKTOP-TF756HC(33012)58 with 1 clients
2021-12-08 20:49:21,956 [13] WARN  Photon.StarDust.Client.ConnectionStates.LoadBalancing.ConnectedToMaster - OnOperationReturn: Authenticate on Master failed: ReturnCode: 32755 (). Disconnecting...
2021-12-08 20:49:21,971 [4] INFO  Photon.StarDust.Client.Program - 59 [33012] Started game DESKTOP-TF756HC(33012)59 with 1 clients
2021-12-08 20:49:22,017 [21] WARN  Photon.StarDust.Client.ConnectionStates.LoadBalancing.ConnectedToMaster - OnOperationReturn: Authenticate on Master failed: ReturnCode: 32755 (). Disconnecting...
2021-12-08 20:49:22,032 [4] INFO  Photon.StarDust.Client.Program - 60 [33012] Started game DESKTOP-TF756HC(33012)60 with 1 clients
2021-12-08 20:49:22,062 [27] WARN  Photon.StarDust.Client.ConnectionStates.LoadBalancing.ConnectedToMaster - OnOperationReturn: Authenticate on Master failed: ReturnCode: 32755 (). Disconnecting...
2021-12-08 20:49:22,092 [4] INFO  Photon.StarDust.Client.Program - 61 [33012] Started game DESKTOP-TF756HC(33012)61 with 1 clients
2021-12-08 20:49:22,152 [83] WARN  Photon.StarDust.Client.ConnectionStates.LoadBalancing.ConnectedToMaster - OnOperationReturn: Authenticate on Master failed: ReturnCode: 32755 (). Disconnecting...
2021-12-08 20:49:22,167 [4] INFO  Photon.StarDust.Client.Program - 62 [33012] Started game DESKTOP-TF756HC(33012)62 with 1 clients
2021-12-08 20:49:22,197 [7] WARN  Photon.StarDust.Client.ConnectionStates.LoadBalancing.ConnectedToMaster - OnOperationReturn: Authenticate on Master failed: ReturnCode: 32755 (). Disconnecting...
2021-12-08 20:49:22,213 [4] INFO  Photon.StarDust.Client.Program - 63 [33012] Started game DESKTOP-TF756HC(33012)63 with 1 clients
2021-12-08 20:49:22,228 [21] WARN  Photon.StarDust.Client.ConnectionStates.LoadBalancing.ConnectedToMaster - OnOperationReturn: Authenticate on Master failed: ReturnCode: 32755 (). Disconnecting...
2021-12-08 20:49:22,243 [4] INFO  Photon.StarDust.Client.Program - 64 [33012] Started game DESKTOP-TF756HC(33012)64 with 1 clients
2021-12-08 20:49:22,289 [4] INFO  Photon.StarDust.Client.Program - 65 [33012] Started game DESKTOP-TF756HC(33012)65 with 1 clients
2021-12-08 20:49:22,289 [133] WARN  Photon.StarDust.Client.ConnectionStates.LoadBalancing.ConnectedToMaster - OnOperationReturn: Authenticate on Master failed: ReturnCode: 32755 (). Disconnecting...
2021-12-08 20:49:22,349 [4] INFO  Photon.StarDust.Client.Program - 66 [33012] Started game DESKTOP-TF756HC(33012)66 with 1 clients
2021-12-08 20:49:22,395 [106] WARN  Photon.StarDust.Client.ConnectionStates.LoadBalancing.ConnectedToMaster - OnOperationReturn: Authenticate on Master failed: ReturnCode: 32755 (). Disconnecting...
2021-12-08 20:49:22,410 [4] INFO  Photon.StarDust.Client.Program - 67 [33012] Started game DESKTOP-TF756HC(33012)67 with 1 clients
2021-12-08 20:49:22,424 [7] WARN  Photon.StarDust.Client.ConnectionStates.LoadBalancing.ConnectedToMaster - OnOperationReturn: Authenticate on Master failed: ReturnCode: 32755 (). Disconnecting...
2021-12-08 20:49:22,424 [21] WARN  Photon.StarDust.Client.ConnectionStates.LoadBalancing.ConnectedToMaster - OnOperationReturn: Authenticate on Master failed: ReturnCode: 32755 (). Disconnecting...
2021-12-08 20:49:22,455 [4] INFO  Photon.StarDust.Client.Program - 68 [33012] Started game DESKTOP-TF756HC(33012)68 with 1 clients
2021-12-08 20:49:22,470 [7] WARN  Photon.StarDust.Client.ConnectionStates.LoadBalancing.ConnectedToMaster - OnOperationReturn: Authenticate on Master failed: ReturnCode: 32755 (). Disconnecting...
2021-12-08 20:49:22,515 [4] INFO  Photon.StarDust.Client.Program - 69 [33012] Started game DESKTOP-TF756HC(33012)69 with 1 clients
2021-12-08 20:49:22,530 [7] WARN  Photon.StarDust.Client.ConnectionStates.LoadBalancing.ConnectedToMaster - OnOperationReturn: Authenticate on Master failed: ReturnCode: 32755 (). Disconnecting...
2021-12-08 20:49:22,560 [4] INFO  Photon.StarDust.Client.Program - 70 [33012] Started game DESKTOP-TF756HC(33012)70 with 1 clients
2021-12-08 20:49:22,605 [7] WARN  Photon.StarDust.Client.ConnectionStates.LoadBalancing.ConnectedToMaster - OnOperationReturn: Authenticate on Master failed: ReturnCode: 32755 (). Disconnecting...
2021-12-08 20:49:22,620 [4] INFO  Photon.StarDust.Client.Program - 71 [33012] Started game DESKTOP-TF756HC(33012)71 with 1 clients
2021-12-08 20:49:22,651 [106] DEBUG Photon.StarDust.Client.Program - peers: 1, r-ev: 17.80212, ur-ev: 0, r-op: 17.80212, ur-op: 0, res: 17.80213, r-rtt: 0, ur-rtt: 0, rtt: 0, var: 0, flsh-rtt: 0, flsh-ev 0, flsh-op 0
2021-12-08 20:49:22,651 [21] WARN  Photon.StarDust.Client.ConnectionStates.LoadBalancing.ConnectedToMaster - OnOperationReturn: Authenticate on Master failed: ReturnCode: 32755 (). Disconnecting...
2021-12-08 20:49:22,666 [4] INFO  Photon.StarDust.Client.Program - 72 [33012] Started game DESKTOP-TF756HC(33012)72 with 1 clients
2021-12-08 20:49:22,726 [4] INFO  Photon.StarDust.Client.Program - 73 [33012] Started game DESKTOP-TF756HC(33012)73 with 1 clients
2021-12-08 20:49:22,726 [21] WARN  Photon.StarDust.Client.ConnectionStates.LoadBalancing.ConnectedToMaster - OnOperationReturn: Authenticate on Master failed: ReturnCode: 32755 (). Disconnecting...
2021-12-08 20:49:22,756 [4] INFO  Photon.StarDust.Client.Program - 74 [33012] Started game DESKTOP-TF756HC(33012)74 with 1 clients
2021-12-08 20:49:22,786 [4] INFO  Photon.StarDust.Client.Program - 75 [33012] Started game DESKTOP-TF756HC(33012)75 with 1 clients
2021-12-08 20:49:22,786 [134] WARN  Photon.StarDust.Client.ConnectionStates.LoadBalancing.ConnectedToMaster - OnOperationReturn: Authenticate on Master failed: ReturnCode: 32755 (). Disconnecting...
2021-12-08 20:49:22,816 [6] WARN  Photon.StarDust.Client.ConnectionStates.LoadBalancing.ConnectedToMaster - OnOperationReturn: Authenticate on Master failed: ReturnCode: 32755 (). Disconnecting...
2021-12-08 20:49:22,846 [106] WARN  Photon.StarDust.Client.ConnectionStates.LoadBalancing.ConnectedToMaster - OnOperationReturn: Authenticate on Master failed: ReturnCode: 32755 (). Disconnecting...
2021-12-08 20:49:22,861 [4] INFO  Photon.StarDust.Client.Program - 76 [33012] Started game DESKTOP-TF756HC(33012)76 with 1 clients
2021-12-08 20:49:22,876 [7] WARN  Photon.StarDust.Client.ConnectionStates.LoadBalancing.ConnectedToMaster - OnOperationReturn: Authenticate on Master failed: ReturnCode: 32755 (). Disconnecting...
2021-12-08 20:49:22,921 [6] WARN  Photon.StarDust.Client.ConnectionStates.LoadBalancing.ConnectedToMaster - OnOperationReturn: Authenticate on Master failed: ReturnCode: 32755 (). Disconnecting...
2021-12-08 20:49:22,925 [4] INFO  Photon.StarDust.Client.Program - 77 [33012] Started game DESKTOP-TF756HC(33012)77 with 1 clients
2021-12-08 20:49:22,981 [13] WARN  Photon.StarDust.Client.ConnectionStates.LoadBalancing.ConnectedToMaster - OnOperationReturn: Authenticate on Master failed: ReturnCode: 32755 (). Disconnecting...
2021-12-08 20:49:22,996 [4] INFO  Photon.StarDust.Client.Program - 78 [33012] Started game DESKTOP-TF756HC(33012)78 with 1 clients
2021-12-08 20:49:23,056 [4] INFO  Photon.StarDust.Client.Program - 79 [33012] Started game DESKTOP-TF756HC(33012)79 with 1 clients
2021-12-08 20:49:23,056 [16] WARN  Photon.StarDust.Client.ConnectionStates.LoadBalancing.ConnectedToMaster - OnOperationReturn: Authenticate on Master failed: ReturnCode: 32755 (). Disconnecting...
2021-12-08 20:49:23,086 [4] INFO  Photon.StarDust.Client.Program - 80 [33012] Started game DESKTOP-TF756HC(33012)80 with 1 clients
2021-12-08 20:49:23,116 [133] WARN  Photon.StarDust.Client.ConnectionStates.LoadBalancing.ConnectedToMaster - OnOperationReturn: Authenticate on Master failed: ReturnCode: 32755 (). Disconnecting...
2021-12-08 20:49:23,146 [4] INFO  Photon.StarDust.Client.Program - 81 [33012] Started game DESKTOP-TF756HC(33012)81 with 1 clients
2021-12-08 20:49:23,176 [27] WARN  Photon.StarDust.Client.ConnectionStates.LoadBalancing.ConnectedToMaster - OnOperationReturn: Authenticate on Master failed: ReturnCode: 32755 (). Disconnecting...
2021-12-08 20:49:23,179 [4] INFO  Photon.StarDust.Client.Program - 82 [33012] Started game DESKTOP-TF756HC(33012)82 with 1 clients
2021-12-08 20:49:23,236 [4] INFO  Photon.StarDust.Client.Program - 83 [33012] Started game DESKTOP-TF756HC(33012)83 with 1 clients
2021-12-08 20:49:23,266 [133] WARN  Photon.StarDust.Client.ConnectionStates.LoadBalancing.ConnectedToMaster - OnOperationReturn: Authenticate on Master failed: ReturnCode: 32755 (). Disconnecting...
2021-12-08 20:49:23,296 [4] INFO  Photon.StarDust.Client.Program - 84 [33012] Started game DESKTOP-TF756HC(33012)84 with 1 clients
2021-12-08 20:49:23,326 [134] WARN  Photon.StarDust.Client.ConnectionStates.LoadBalancing.ConnectedToMaster - OnOperationReturn: Authenticate on Master failed: ReturnCode: 32755 (). Disconnecting...
2021-12-08 20:49:23,371 [4] INFO  Photon.StarDust.Client.Program - 85 [33012] Started game DESKTOP-TF756HC(33012)85 with 1 clients
2021-12-08 20:49:23,386 [15] WARN  Photon.StarDust.Client.ConnectionStates.LoadBalancing.ConnectedToMaster - OnOperationReturn: Authenticate on Master failed: ReturnCode: 32755 (). Disconnecting...
2021-12-08 20:49:23,416 [7] WARN  Photon.StarDust.Client.ConnectionStates.LoadBalancing.ConnectedToMaster - OnOperationReturn: Authenticate on Master failed: ReturnCode: 32755 (). Disconnecting...
2021-12-08 20:49:23,419 [4] INFO  Photon.StarDust.Client.Program - 86 [33012] Started game DESKTOP-TF756HC(33012)86 with 1 clients
2021-12-08 20:49:23,431 [17] WARN  Photon.StarDust.Client.ConnectionStates.LoadBalancing.ConnectedToMaster - OnOperationReturn: Authenticate on Master failed: ReturnCode: 32755 (). Disconnecting...
2021-12-08 20:49:23,461 [4] INFO  Photon.StarDust.Client.Program - 87 [33012] Started game DESKTOP-TF756HC(33012)87 with 1 clients
2021-12-08 20:49:23,491 [22] WARN  Photon.StarDust.Client.ConnectionStates.LoadBalancing.ConnectedToMaster - OnOperationReturn: Authenticate on Master failed: ReturnCode: 32755 (). Disconnecting...
2021-12-08 20:49:23,536 [4] INFO  Photon.StarDust.Client.Program - 88 [33012] Started game DESKTOP-TF756HC(33012)88 with 1 clients
2021-12-08 20:49:23,551 [15] WARN  Photon.StarDust.Client.ConnectionStates.LoadBalancing.ConnectedToMaster - OnOperationReturn: Authenticate on Master failed: ReturnCode: 32755 (). Disconnecting...
2021-12-08 20:49:23,581 [4] INFO  Photon.StarDust.Client.Program - 89 [33012] Started game DESKTOP-TF756HC(33012)89 with 1 clients
2021-12-08 20:49:23,581 [133] WARN  Photon.StarDust.Client.ConnectionStates.LoadBalancing.ConnectedToMaster - OnOperationReturn: Authenticate on Master failed: ReturnCode: 32755 (). Disconnecting...
2021-12-08 20:49:23,626 [134] WARN  Photon.StarDust.Client.ConnectionStates.LoadBalancing.ConnectedToMaster - OnOperationReturn: Authenticate on Master failed: ReturnCode: 32755 (). Disconnecting...
2021-12-08 20:49:23,629 [4] INFO  Photon.StarDust.Client.Program - 90 [33012] Started game DESKTOP-TF756HC(33012)90 with 1 clients
2021-12-08 20:49:23,656 [23] DEBUG Photon.StarDust.Client.Program - peers: 0, r-ev: 20.89738, ur-ev: 0, r-op: 18.90715, ur-op: 0, res: 19.90226, r-rtt: 0, ur-rtt: 0, rtt: 0, var: 0, flsh-rtt: 0, flsh-ev 0, flsh-op 0
2021-12-08 20:49:23,686 [4] INFO  Photon.StarDust.Client.Program - 91 [33012] Started game DESKTOP-TF756HC(33012)91 with 1 clients
2021-12-08 20:49:23,731 [15] WARN  Photon.StarDust.Client.ConnectionStates.LoadBalancing.ConnectedToMaster - OnOperationReturn: Authenticate on Master failed: ReturnCode: 32755 (). Disconnecting...
2021-12-08 20:49:23,761 [4] INFO  Photon.StarDust.Client.Program - 92 [33012] Started game DESKTOP-TF756HC(33012)92 with 1 clients
2021-12-08 20:49:23,777 [6] WARN  Photon.StarDust.Client.ConnectionStates.LoadBalancing.ConnectedToMaster - OnOperationReturn: Authenticate on Master failed: ReturnCode: 32755 (). Disconnecting...
2021-12-08 20:49:23,807 [4] INFO  Photon.StarDust.Client.Program - 93 [33012] Started game DESKTOP-TF756HC(33012)93 with 1 clients
2021-12-08 20:49:23,837 [4] INFO  Photon.StarDust.Client.Program - 94 [33012] Started game DESKTOP-TF756HC(33012)94 with 1 clients
2021-12-08 20:49:23,837 [6] WARN  Photon.StarDust.Client.ConnectionStates.LoadBalancing.ConnectedToMaster - OnOperationReturn: Authenticate on Master failed: ReturnCode: 32755 (). Disconnecting...
2021-12-08 20:49:23,897 [4] INFO  Photon.StarDust.Client.Program - 95 [33012] Started game DESKTOP-TF756HC(33012)95 with 1 clients
2021-12-08 20:49:23,912 [7] WARN  Photon.StarDust.Client.ConnectionStates.LoadBalancing.ConnectedToMaster - OnOperationReturn: Authenticate on Master failed: ReturnCode: 32755 (). Disconnecting...
2021-12-08 20:49:23,958 [5] WARN  Photon.StarDust.Client.ConnectionStates.LoadBalancing.ConnectedToMaster - OnOperationReturn: Authenticate on Master failed: ReturnCode: 32755 (). Disconnecting...
2021-12-08 20:49:23,961 [4] INFO  Photon.StarDust.Client.Program - 96 [33012] Started game DESKTOP-TF756HC(33012)96 with 1 clients
2021-12-08 20:49:23,988 [5] WARN  Photon.StarDust.Client.ConnectionStates.LoadBalancing.ConnectedToMaster - OnOperationReturn: Authenticate on Master failed: ReturnCode: 32755 (). Disconnecting...
2021-12-08 20:49:24,019 [83] WARN  Photon.StarDust.Client.ConnectionStates.LoadBalancing.ConnectedToMaster - OnOperationReturn: Authenticate on Master failed: ReturnCode: 32755 (). Disconnecting...
2021-12-08 20:49:24,034 [4] INFO  Photon.StarDust.Client.Program - 97 [33012] Started game DESKTOP-TF756HC(33012)97 with 1 clients
2021-12-08 20:49:24,049 [14] WARN  Photon.StarDust.Client.ConnectionStates.LoadBalancing.ConnectedToMaster - OnOperationReturn: Authenticate on Master failed: ReturnCode: 32755 (). Disconnecting...
2021-12-08 20:49:24,078 [4] INFO  Photon.StarDust.Client.Program - 98 [33012] Started game DESKTOP-TF756HC(33012)98 with 1 clients
2021-12-08 20:49:24,123 [4] INFO  Photon.StarDust.Client.Program - 99 [33012] Started game DESKTOP-TF756HC(33012)99 with 1 clients
2021-12-08 20:49:24,154 [133] WARN  Photon.StarDust.Client.ConnectionStates.LoadBalancing.ConnectedToMaster - OnOperationReturn: Authenticate on Master failed: ReturnCode: 32755 (). Disconnecting...
2021-12-08 20:49:24,199 [4] INFO  Photon.StarDust.Client.Program - 100 [33012] Started game DESKTOP-TF756HC(33012)100 with 1 clients
2021-12-08 20:49:24,230 [4] INFO  Photon.StarDust.Client.Program - 101 [33012] Started game DESKTOP-TF756HC(33012)101 with 1 clients
2021-12-08 20:49:24,260 [21] WARN  Photon.StarDust.Client.ConnectionStates.LoadBalancing.ConnectedToMaster - OnOperationReturn: Authenticate on Master failed: ReturnCode: 32755 (). Disconnecting...
2021-12-08 20:49:24,305 [4] INFO  Photon.StarDust.Client.Program - 102 [33012] Started game DESKTOP-TF756HC(33012)102 with 1 clients
2021-12-08 20:49:24,336 [83] WARN  Photon.StarDust.Client.ConnectionStates.LoadBalancing.ConnectedToMaster - OnOperationReturn: Authenticate on Master failed: ReturnCode: 32755 (). Disconnecting...
2021-12-08 20:49:24,351 [4] INFO  Photon.StarDust.Client.Program - 103 [33012] Started game DESKTOP-TF756HC(33012)103 with 1 clients
2021-12-08 20:49:24,351 [14] WARN  Photon.StarDust.Client.ConnectionStates.LoadBalancing.ConnectedToMaster - OnOperationReturn: Authenticate on Master failed: ReturnCode: 32755 (). Disconnecting...
2021-12-08 20:49:24,411 [4] INFO  Photon.StarDust.Client.Program - 104 [33012] Started game DESKTOP-TF756HC(33012)104 with 1 clients
2021-12-08 20:49:24,426 [106] WARN  Photon.StarDust.Client.ConnectionStates.LoadBalancing.ConnectedToMaster - OnOperationReturn: Authenticate on Master failed: ReturnCode: 32755 (). Disconnecting...
2021-12-08 20:49:24,441 [6] WARN  Photon.StarDust.Client.ConnectionStates.LoadBalancing.ConnectedToMaster - OnOperationReturn: Authenticate on Master failed: ReturnCode: 32755 (). Disconnecting...
2021-12-08 20:49:24,485 [4] INFO  Photon.StarDust.Client.Program - 105 [33012] Started game DESKTOP-TF756HC(33012)105 with 1 clients
2021-12-08 20:49:24,485 [29] WARN  Photon.StarDust.Client.ConnectionStates.LoadBalancing.ConnectedToMaster - OnOperationReturn: Authenticate on Master failed: ReturnCode: 32755 (). Disconnecting...
2021-12-08 20:49:24,515 [134] WARN  Photon.StarDust.Client.ConnectionStates.LoadBalancing.ConnectedToMaster - OnOperationReturn: Authenticate on Master failed: ReturnCode: 32755 (). Disconnecting...
2021-12-08 20:49:24,545 [4] INFO  Photon.StarDust.Client.Program - 106 [33012] Started game DESKTOP-TF756HC(33012)106 with 1 clients
2021-12-08 20:49:24,605 [4] INFO  Photon.StarDust.Client.Program - 107 [33012] Started game DESKTOP-TF756HC(33012)107 with 1 clients
2021-12-08 20:49:24,620 [27] WARN  Photon.StarDust.Client.ConnectionStates.LoadBalancing.ConnectedToMaster - OnOperationReturn: Authenticate on Master failed: ReturnCode: 32755 (). Disconnecting...
2021-12-08 20:49:24,650 [4] INFO  Photon.StarDust.Client.Program - 108 [33012] Started game DESKTOP-TF756HC(33012)108 with 1 clients
2021-12-08 20:49:24,665 [5] DEBUG Photon.StarDust.Client.Program - peers: 1, r-ev: 17.83845, ur-ev: 0, r-op: 17.83846, ur-op: 0, res: 16.84743, r-rtt: 0, ur-rtt: 0, rtt: 0, var: 0, flsh-rtt: 0, flsh-ev 0, flsh-op 0
2021-12-08 20:49:24,710 [15] WARN  Photon.StarDust.Client.ConnectionStates.LoadBalancing.ConnectedToMaster - OnOperationReturn: Authenticate on Master failed: ReturnCode: 32755 (). Disconnecting...
2021-12-08 20:49:24,725 [4] INFO  Photon.StarDust.Client.Program - 109 [33012] Started game DESKTOP-TF756HC(33012)109 with 1 clients
2021-12-08 20:49:24,740 [6] WARN  Photon.StarDust.Client.ConnectionStates.LoadBalancing.ConnectedToMaster - OnOperationReturn: Authenticate on Master failed: ReturnCode: 32755 (). Disconnecting...
2021-12-08 20:49:24,771 [4] INFO  Photon.StarDust.Client.Program - 110 [33012] Started game DESKTOP-TF756HC(33012)110 with 1 clients
2021-12-08 20:49:24,786 [6] WARN  Photon.StarDust.Client.ConnectionStates.LoadBalancing.ConnectedToMaster - OnOperationReturn: Authenticate on Master failed: ReturnCode: 32755 (). Disconnecting...
2021-12-08 20:49:24,801 [4] INFO  Photon.StarDust.Client.Program - 111 [33012] Started game DESKTOP-TF756HC(33012)111 with 1 clients
2021-12-08 20:49:24,816 [15] WARN  Photon.StarDust.Client.ConnectionStates.LoadBalancing.ConnectedToMaster - OnOperationReturn: Authenticate on Master failed: ReturnCode: 32755 (). Disconnecting...
2021-12-08 20:49:24,862 [4] INFO  Photon.StarDust.Client.Program - 112 [33012] Started game DESKTOP-TF756HC(33012)112 with 1 clients
2021-12-08 20:49:24,892 [135] WARN  Photon.StarDust.Client.ConnectionStates.LoadBalancing.ConnectedToMaster - OnOperationReturn: Authenticate on Master failed: ReturnCode: 32755 (). Disconnecting...
2021-12-08 20:49:24,907 [4] INFO  Photon.StarDust.Client.Program - 113 [33012] Started game DESKTOP-TF756HC(33012)113 with 1 clients
2021-12-08 20:49:24,937 [4] INFO  Photon.StarDust.Client.Program - 114 [33012] Started game DESKTOP-TF756HC(33012)114 with 1 clients
2021-12-08 20:49:24,967 [29] WARN  Photon.StarDust.Client.ConnectionStates.LoadBalancing.ConnectedToMaster - OnOperationReturn: Authenticate on Master failed: ReturnCode: 32755 (). Disconnecting...
2021-12-08 20:49:25,012 [4] INFO  Photon.StarDust.Client.Program - 115 [33012] Started game DESKTOP-TF756HC(33012)115 with 1 clients
2021-12-08 20:49:25,058 [4] INFO  Photon.StarDust.Client.Program - 116 [33012] Started game DESKTOP-TF756HC(33012)116 with 1 clients
2021-12-08 20:49:25,058 [17] WARN  Photon.StarDust.Client.ConnectionStates.LoadBalancing.ConnectedToMaster - OnOperationReturn: Authenticate on Master failed: ReturnCode: 32755 (). Disconnecting...
2021-12-08 20:49:25,064 [83] WARN  Photon.StarDust.Client.ConnectionStates.LoadBalancing.ConnectedToMaster - OnOperationReturn: Authenticate on Master failed: ReturnCode: 32755 (). Disconnecting...
2021-12-08 20:49:25,102 [4] INFO  Photon.StarDust.Client.Program - 117 [33012] Started game DESKTOP-TF756HC(33012)117 with 1 clients
2021-12-08 20:49:25,118 [6] WARN  Photon.StarDust.Client.ConnectionStates.LoadBalancing.ConnectedToMaster - OnOperationReturn: Authenticate on Master failed: ReturnCode: 32755 (). Disconnecting...
2021-12-08 20:49:25,118 [22] WARN  Photon.StarDust.Client.ConnectionStates.LoadBalancing.ConnectedToMaster - OnOperationReturn: Authenticate on Master failed: ReturnCode: 32755 (). Disconnecting...
2021-12-08 20:49:25,163 [4] INFO  Photon.StarDust.Client.Program - 118 [33012] Started game DESKTOP-TF756HC(33012)118 with 1 clients
2021-12-08 20:49:25,209 [4] INFO  Photon.StarDust.Client.Program - 119 [33012] Started game DESKTOP-TF756HC(33012)119 with 1 clients
2021-12-08 20:49:25,209 [21] WARN  Photon.StarDust.Client.ConnectionStates.LoadBalancing.ConnectedToMaster - OnOperationReturn: Authenticate on Master failed: ReturnCode: 32755 (). Disconnecting...
2021-12-08 20:49:25,239 [20] WARN  Photon.StarDust.Client.ConnectionStates.LoadBalancing.ConnectedToMaster - OnOperationReturn: Authenticate on Master failed: ReturnCode: 32755 (). Disconnecting...
2021-12-08 20:49:25,284 [4] INFO  Photon.StarDust.Client.Program - 120 [33012] Started game DESKTOP-TF756HC(33012)120 with 1 clients
2021-12-08 20:49:25,284 [6] WARN  Photon.StarDust.Client.ConnectionStates.LoadBalancing.ConnectedToMaster - OnOperationReturn: Authenticate on Master failed: ReturnCode: 32755 (). Disconnecting...
2021-12-08 20:49:25,344 [4] INFO  Photon.StarDust.Client.Program - 121 [33012] Started game DESKTOP-TF756HC(33012)121 with 1 clients
2021-12-08 20:49:25,344 [82] WARN  Photon.StarDust.Client.ConnectionStates.LoadBalancing.ConnectedToMaster - OnOperationReturn: Authenticate on Master failed: ReturnCode: 32755 (). Disconnecting...
2021-12-08 20:49:25,419 [4] INFO  Photon.StarDust.Client.Program - 122 [33012] Started game DESKTOP-TF756HC(33012)122 with 1 clients
2021-12-08 20:49:25,450 [13] WARN  Photon.StarDust.Client.ConnectionStates.LoadBalancing.ConnectedToMaster - OnOperationReturn: Authenticate on Master failed: ReturnCode: 32755 (). Disconnecting...
2021-12-08 20:49:25,450 [4] INFO  Photon.StarDust.Client.Program - 123 [33012] Started game DESKTOP-TF756HC(33012)123 with 1 clients
2021-12-08 20:49:25,495 [4] INFO  Photon.StarDust.Client.Program - 124 [33012] Started game DESKTOP-TF756HC(33012)124 with 1 clients
2021-12-08 20:49:25,525 [17] WARN  Photon.StarDust.Client.ConnectionStates.LoadBalancing.ConnectedToMaster - OnOperationReturn: Authenticate on Master failed: ReturnCode: 32755 (). Disconnecting...
2021-12-08 20:49:25,571 [4] INFO  Photon.StarDust.Client.Program - 125 [33012] Started game DESKTOP-TF756HC(33012)125 with 1 clients
2021-12-08 20:49:25,586 [22] WARN  Photon.StarDust.Client.ConnectionStates.LoadBalancing.ConnectedToMaster - OnOperationReturn: Authenticate on Master failed: ReturnCode: 32755 (). Disconnecting...
2021-12-08 20:49:25,601 [21] WARN  Photon.StarDust.Client.ConnectionStates.LoadBalancing.ConnectedToMaster - OnOperationReturn: Authenticate on Master failed: ReturnCode: 32755 (). Disconnecting...
2021-12-08 20:49:25,646 [4] INFO  Photon.StarDust.Client.Program - 126 [33012] Started game DESKTOP-TF756HC(33012)126 with 1 clients
2021-12-08 20:49:25,646 [23] WARN  Photon.StarDust.Client.ConnectionStates.LoadBalancing.ConnectedToMaster - OnOperationReturn: Authenticate on Master failed: ReturnCode: 32755 (). Disconnecting...
2021-12-08 20:49:25,676 [17] DEBUG Photon.StarDust.Client.Program - peers: 1, r-ev: 18.79086, ur-ev: 0, r-op: 18.79086, ur-op: 0, res: 18.79085, r-rtt: 0, ur-rtt: 0, rtt: 0, var: 0, flsh-rtt: 0, flsh-ev 0, flsh-op 0
2021-12-08 20:49:25,691 [4] INFO  Photon.StarDust.Client.Program - 127 [33012] Started game DESKTOP-TF756HC(33012)127 with 1 clients
2021-12-08 20:49:25,707 [7] WARN  Photon.StarDust.Client.ConnectionStates.LoadBalancing.ConnectedToMaster - OnOperationReturn: Authenticate on Master failed: ReturnCode: 32755 (). Disconnecting...
2021-12-08 20:49:25,738 [4] INFO  Photon.StarDust.Client.Program - 128 [33012] Started game DESKTOP-TF756HC(33012)128 with 1 clients
2021-12-08 20:49:25,768 [7] WARN  Photon.StarDust.Client.ConnectionStates.LoadBalancing.ConnectedToMaster - OnOperationReturn: Authenticate on Master failed: ReturnCode: 32755 (). Disconnecting...
2021-12-08 20:49:25,798 [4] INFO  Photon.StarDust.Client.Program - 129 [33012] Started game DESKTOP-TF756HC(33012)129 with 1 clients
2021-12-08 20:49:25,828 [29] WARN  Photon.StarDust.Client.ConnectionStates.LoadBalancing.ConnectedToMaster - OnOperationReturn: Authenticate on Master failed: ReturnCode: 32755 (). Disconnecting...
2021-12-08 20:49:25,844 [4] INFO  Photon.StarDust.Client.Program - 130 [33012] Started game DESKTOP-TF756HC(33012)130 with 1 clients
2021-12-08 20:49:25,889 [21] WARN  Photon.StarDust.Client.ConnectionStates.LoadBalancing.ConnectedToMaster - OnOperationReturn: Authenticate on Master failed: ReturnCode: 32755 (). Disconnecting...
2021-12-08 20:49:25,919 [4] INFO  Photon.StarDust.Client.Program - 131 [33012] Started game DESKTOP-TF756HC(33012)131 with 1 clients
2021-12-08 20:49:25,934 [14] WARN  Photon.StarDust.Client.ConnectionStates.LoadBalancing.ConnectedToMaster - OnOperationReturn: Authenticate on Master failed: ReturnCode: 32755 (). Disconnecting...
2021-12-08 20:49:25,979 [4] INFO  Photon.StarDust.Client.Program - 132 [33012] Started game DESKTOP-TF756HC(33012)132 with 1 clients
2021-12-08 20:49:25,994 [6] WARN  Photon.StarDust.Client.ConnectionStates.LoadBalancing.ConnectedToMaster - OnOperationReturn: Authenticate on Master failed: ReturnCode: 32755 (). Disconnecting...
2021-12-08 20:49:26,039 [5] WARN  Photon.StarDust.Client.ConnectionStates.LoadBalancing.ConnectedToMaster - OnOperationReturn: Authenticate on Master failed: ReturnCode: 32755 (). Disconnecting...
2021-12-08 20:49:26,043 [4] INFO  Photon.StarDust.Client.Program - 133 [33012] Started game DESKTOP-TF756HC(33012)133 with 1 clients
2021-12-08 20:49:26,113 [4] INFO  Photon.StarDust.Client.Program - 134 [33012] Started game DESKTOP-TF756HC(33012)134 with 1 clients
2021-12-08 20:49:26,128 [5] WARN  Photon.StarDust.Client.ConnectionStates.LoadBalancing.ConnectedToMaster - OnOperationReturn: Authenticate on Master failed: ReturnCode: 32755 (). Disconnecting...
2021-12-08 20:49:26,188 [4] INFO  Photon.StarDust.Client.Program - 135 [33012] Started game DESKTOP-TF756HC(33012)135 with 1 clients
2021-12-08 20:49:26,188 [106] WARN  Photon.StarDust.Client.ConnectionStates.LoadBalancing.ConnectedToMaster - OnOperationReturn: Authenticate on Master failed: ReturnCode: 32755 (). Disconnecting...
2021-12-08 20:49:26,233 [27] WARN  Photon.StarDust.Client.ConnectionStates.LoadBalancing.ConnectedToMaster - OnOperationReturn: Authenticate on Master failed: ReturnCode: 32755 (). Disconnecting...
2021-12-08 20:49:26,248 [4] INFO  Photon.StarDust.Client.Program - 136 [33012] Started game DESKTOP-TF756HC(33012)136 with 1 clients
2021-12-08 20:49:26,308 [15] WARN  Photon.StarDust.Client.ConnectionStates.LoadBalancing.ConnectedToMaster - OnOperationReturn: Authenticate on Master failed: ReturnCode: 32755 (). Disconnecting...
2021-12-08 20:49:26,310 [4] INFO  Photon.StarDust.Client.Program - 137 [33012] Started game DESKTOP-TF756HC(33012)137 with 1 clients
2021-12-08 20:49:26,353 [4] INFO  Photon.StarDust.Client.Program - 138 [33012] Started game DESKTOP-TF756HC(33012)138 with 1 clients
2021-12-08 20:49:26,368 [21] WARN  Photon.StarDust.Client.ConnectionStates.LoadBalancing.ConnectedToMaster - OnOperationReturn: Authenticate on Master failed: ReturnCode: 32755 (). Disconnecting...
2021-12-08 20:49:26,429 [4] INFO  Photon.StarDust.Client.Program - 139 [33012] Started game DESKTOP-TF756HC(33012)139 with 1 clients
2021-12-08 20:49:26,460 [20] WARN  Photon.StarDust.Client.ConnectionStates.LoadBalancing.ConnectedToMaster - OnOperationReturn: Authenticate on Master failed: ReturnCode: 32755 (). Disconnecting...
2021-12-08 20:49:26,490 [4] INFO  Photon.StarDust.Client.Program - 140 [33012] Started game DESKTOP-TF756HC(33012)140 with 1 clients
2021-12-08 20:49:26,535 [106] WARN  Photon.StarDust.Client.ConnectionStates.LoadBalancing.ConnectedToMaster - OnOperationReturn: Authenticate on Master failed: ReturnCode: 32755 (). Disconnecting...
2021-12-08 20:49:26,565 [4] INFO  Photon.StarDust.Client.Program - 141 [33012] Started game DESKTOP-TF756HC(33012)141 with 1 clients
2021-12-08 20:49:26,595 [20] WARN  Photon.StarDust.Client.ConnectionStates.LoadBalancing.ConnectedToMaster - OnOperationReturn: Authenticate on Master failed: ReturnCode: 32755 (). Disconnecting...
2021-12-08 20:49:26,640 [4] INFO  Photon.StarDust.Client.Program - 142 [33012] Started game DESKTOP-TF756HC(33012)142 with 1 clients
2021-12-08 20:49:26,640 [20] WARN  Photon.StarDust.Client.ConnectionStates.LoadBalancing.ConnectedToMaster - OnOperationReturn: Authenticate on Master failed: ReturnCode: 32755 (). Disconnecting...
2021-12-08 20:49:26,685 [13] DEBUG Photon.StarDust.Client.Program - peers: 1, r-ev: 15.85917, ur-ev: 0, r-op: 15.85916, ur-op: 0, res: 15.85917, r-rtt: 0, ur-rtt: 0, rtt: 0, var: 0, flsh-rtt: 0, flsh-ev 0, flsh-op 0
2021-12-08 20:49:26,700 [82] WARN  Photon.StarDust.Client.ConnectionStates.LoadBalancing.ConnectedToMaster - OnOperationReturn: Authenticate on Master failed: ReturnCode: 32755 (). Disconnecting...
2021-12-08 20:49:26,715 [4] INFO  Photon.StarDust.Client.Program - 143 [33012] Started game DESKTOP-TF756HC(33012)143 with 1 clients
2021-12-08 20:49:26,760 [26] WARN  Photon.StarDust.Client.ConnectionStates.LoadBalancing.ConnectedToMaster - OnOperationReturn: Authenticate on Master failed: ReturnCode: 32755 (). Disconnecting...
2021-12-08 20:49:26,790 [4] INFO  Photon.StarDust.Client.Program - 144 [33012] Started game DESKTOP-TF756HC(33012)144 with 1 clients
2021-12-08 20:49:26,835 [21] WARN  Photon.StarDust.Client.ConnectionStates.LoadBalancing.ConnectedToMaster - OnOperationReturn: Authenticate on Master failed: ReturnCode: 32755 (). Disconnecting...
2021-12-08 20:49:26,837 [4] INFO  Photon.StarDust.Client.Program - 145 [33012] Started game DESKTOP-TF756HC(33012)145 with 1 clients
2021-12-08 20:49:26,896 [6] WARN  Photon.StarDust.Client.ConnectionStates.LoadBalancing.ConnectedToMaster - OnOperationReturn: Authenticate on Master failed: ReturnCode: 32755 (). Disconnecting...
2021-12-08 20:49:26,911 [4] INFO  Photon.StarDust.Client.Program - 146 [33012] Started game DESKTOP-TF756HC(33012)146 with 1 clients
2021-12-08 20:49:26,956 [29] WARN  Photon.StarDust.Client.ConnectionStates.LoadBalancing.ConnectedToMaster - OnOperationReturn: Authenticate on Master failed: ReturnCode: 32755 (). Disconnecting...
2021-12-08 20:49:26,971 [4] INFO  Photon.StarDust.Client.Program - 147 [33012] Started game DESKTOP-TF756HC(33012)147 with 1 clients
2021-12-08 20:49:27,001 [4] INFO  Photon.StarDust.Client.Program - 148 [33012] Started game DESKTOP-TF756HC(33012)148 with 1 clients
2021-12-08 20:49:27,016 [20] WARN  Photon.StarDust.Client.ConnectionStates.LoadBalancing.ConnectedToMaster - OnOperationReturn: Authenticate on Master failed: ReturnCode: 32755 (). Disconnecting...
2021-12-08 20:49:27,046 [4] INFO  Photon.StarDust.Client.Program - 149 [33012] Started game DESKTOP-TF756HC(33012)149 with 1 clients
2021-12-08 20:49:27,091 [4] INFO  Photon.StarDust.Client.Program - 150 [33012] Started game DESKTOP-TF756HC(33012)150 with 1 clients
2021-12-08 20:49:27,121 [82] WARN  Photon.StarDust.Client.ConnectionStates.LoadBalancing.ConnectedToMaster - OnOperationReturn: Authenticate on Master failed: ReturnCode: 32755 (). Disconnecting...
2021-12-08 20:49:27,166 [27] WARN  Photon.StarDust.Client.ConnectionStates.LoadBalancing.ConnectedToMaster - OnOperationReturn: Authenticate on Master failed: ReturnCode: 32755 (). Disconnecting...
2021-12-08 20:49:27,197 [82] WARN  Photon.StarDust.Client.ConnectionStates.LoadBalancing.ConnectedToMaster - OnOperationReturn: Authenticate on Master failed: ReturnCode: 32755 (). Disconnecting...
2021-12-08 20:49:27,242 [28] WARN  Photon.StarDust.Client.ConnectionStates.LoadBalancing.ConnectedToMaster - OnOperationReturn: Authenticate on Master failed: ReturnCode: 32755 (). Disconnecting...
2021-12-08 20:49:27,694 [15] DEBUG Photon.StarDust.Client.Program - peers: 0, r-ev: 8.917891, ur-ev: 0, r-op: 8.917892, ur-op: 0, res: 9.90877, r-rtt: 0, ur-rtt: 0, rtt: 0, var: 0, flsh-rtt: 0, flsh-ev 0, flsh-op 0
2021-12-08 20:49:28,705 [4] DEBUG Photon.StarDust.Client.Program - peers: 0, r-ev: 0, ur-ev: 0, r-op: 0, ur-op: 0, res: 0, r-rtt: 0, ur-rtt: 0, rtt: 0, var: 0, flsh-rtt: 0, flsh-ev 0, flsh-op 0
2021-12-08 20:49:29,717 [17] DEBUG Photon.StarDust.Client.Program - peers: 0, r-ev: 0, ur-ev: 0, r-op: 0, ur-op: 0, res: 0, r-rtt: 0, ur-rtt: 0, rtt: 0, var: 0, flsh-rtt: 0, flsh-ev 0, flsh-op 0
